<?xml version="1.0" encoding="UTF-8"?>
<!-- Generated by org.testng.reporters.JUnitReportReporter -->
<testsuite hostname="Mummies" failures="0" tests="5" name="testCases.TC_003_LoginDDT" time="19.415" errors="0" timestamp="2024-06-24T20:42:13 IST" skipped="0">
  <testcase classname="testCases.TC_003_LoginDDT" name="verify_loginDDT" time="1.568"/>
  <testcase classname="testCases.TC_003_LoginDDT" name="verify_loginDDT" time="2.713"/>
  <testcase classname="testCases.TC_003_LoginDDT" name="verify_loginDDT" time="10.926"/>
  <testcase classname="testCases.TC_003_LoginDDT" name="verify_loginDDT" time="1.537"/>
  <testcase classname="testCases.TC_003_LoginDDT" name="verify_loginDDT" time="2.671"/>
</testsuite> <!-- testCases.TC_003_LoginDDT -->
