<?xml version="1.0" encoding="UTF-8"?>
<!-- Generated by org.testng.reporters.JUnitReportReporter -->
<testsuite hostname="Mummies" failures="0" tests="1" name="testCases.TC_002_LoginTest" time="2.303" errors="0" timestamp="2024-06-27T20:00:03 IST" skipped="0">
  <testcase classname="testCases.TC_002_LoginTest" name="verify_login" time="2.303"/>
</testsuite> <!-- testCases.TC_002_LoginTest -->
