<?xml version="1.0" encoding="UTF-8"?>
<!-- Generated by org.testng.reporters.JUnitReportReporter -->
<testsuite hostname="Mummies" failures="0" tests="1" name="testCases.TC_002_LoginTest" time="1.636" errors="0" timestamp="2024-06-28T13:23:52 IST" skipped="0">
  <testcase classname="testCases.TC_002_LoginTest" name="verify_login" time="1.636"/>
</testsuite> <!-- testCases.TC_002_LoginTest -->
